<?xml version="1.0" encoding="UTF-8"?>
<!-- Generated by org.testng.reporters.JUnitXMLReporter -->
<testsuite ignored="0" hostname="QA-1" failures="0" tests="3" name="Test" time="26.118" errors="0" timestamp="2021-09-28T14:14:55 GST">
  <testcase classname="test.selenium_DragAndDrop_test" name="dragAndDrop_test_method" time="7.034"/>
  <testcase classname="test.selenium_MultipleSelect_test" name="multipleSelect_test_method" time="8.177"/>
  <testcase classname="test.selenium_ControlGroup_test" name="controlGroup_test_Method" time="8.346"/>
</testsuite> <!-- Test -->
